4TOplay-3gp-_9	9
4TOplay-flv-_1	6
4TOplay-flv-_2	10
4TOplay-flv-_3	15
4TOplay-flv-_4	23
4TOplay-wmv-_1	5
4TOplay-wmv-_2	8
4TOplay-wmv-_3	10
4TOplay-wmv-_4	16
4TOplay-mp4-_3	48
4TOplay-mp4-_4	98
4TOplay-3gp-_10	17
5TOplay-mp4-_4	113
5TOplay-mp4-_4	113
5TOplay-mp4-_4	115
5TOplay-mp4-_4	113
5TOplay-mp4-_4	114
5TOplay-mp4-_4	107
5TOplay-mp4-_4	105
6TOplay-mp4-_4	144
6TOplay-mp4-_4	123
6TOplay-flv-_1	12
6TOplay-flv-_2	16
6TOplay-flv-_3	22
6TOplay-flv-_4	28
6TOplay-flv-_5	28
6TOplay-wmv-_1	9
6TOplay-wmv-_2	13
6TOplay-wmv-_3	18
6TOplay-wmv-_4	28
6TOplay-wmv-_5	28
6TOplay-mp4-_3	75
6TOplay-mp4-_4	127
6TOplay-mp4-_5	189
6TOplay-3gp-_9	14
6TOplay-3gp-_10	23
7TOplay-flv-_1	36
7TOplay-flv-_2	33
7TOplay-flv-_3	54
7TOplay-flv-_4	61
7TOplay-flv-_5	75
7TOplay-wmv-_1	32
7TOplay-wmv-_2	31
7TOplay-wmv-_3	45
7TOplay-wmv-_4	54
7TOplay-wmv-_5	72
7TOplay-mp4-_3	114
7TOplay-mp4-_4	182
7TOplay-mp4-_5	280
7TOplay-mp4-_6	509
7TOplay-3gp-_9	39
7TOplay-3gp-_10	45
7TOplay-mp4-_3	111
7TOplay-mp4-_4	179
7TOplay-mp4-_5	274
6TOplay-webm-_3	50
6TOplay-webm-_3	74
5TOplay-flv-_1	15
5TOplay-flv-_2	16
5TOplay-flv-_3	30
5TOplay-flv-_4	42
5TOplay-wmv-_1	13
5TOplay-wmv-_2	15
5TOplay-wmv-_3	19
5TOplay-wmv-_4	26
5TOplay-3gp-_9	15
5TOplay-webm-_3	76
5TOplay-mp4-_3	69
5TOplay-mp4-_4	102
5TOplay-mp4-_3	1
5TOplay-mp4-_3	69
5TOplay-webm-_3	7
5TOplay-webm-_3	93
5TOplay-mp4-_3	5
5TOplay-mp4-_3	78
5TOplay-mp4-_3	82
5TOplay-webm-_3	87
5TOplay-mp4-_3	62
5TOplay-webm-_3	72
5TOplay-webm-_3	19
5TOplay-webm-_3	77
5TOplay-webm-_3	78
7TOplay-flv-_1	33
7TOplay-flv-_1	30
7TOplay-flv-_1	31
7TOplay-flv-_1	21
7TOplay-flv-_1	30
7TOplay-flv-_1	31
7TOplay-flv-_1	31
7TOplay-flv-_1	30
7TOplay-flv-_1	33
7TOplay-flv-_1	31
7TOplay-flv-_1	31
7TOplay-flv-_1	33
7TOplay-flv-_1	31
7TOplay-flv-_1	33
6TOplay-flv-_1	23
7TOplay-flv-_1	31
7TOplay-flv-_1	33
7TOplay-mp4-_3	113
7TOplay-mp4-_3	108
7TOplay-mp4-_3	106
7TOplay-webm-_3	143
7TOplay-mp4-_3	108
7TOplay-webm-_3	67
7TOplay-webm-_3	10
7TOplay-webm-_3	8
7TOplay-webm-_3	8
7TOplay-webm-_3	0
7TOplay-webm-_3	8
7TOplay-webm-_3	7
7TOplay-webm-_3	10
7TOplay-webm-_3	8
7TOplay-webm-_3	58
7TOplay-webm-_3	56
7TOplay-webm-_3	23
7TOplay-webm-_3	65
7TOplay-webm-_3	56
7TOplay-webm-_3	69
7TOplay-webm-_3	67
7TOplay-webm-_3	72
7TOplay-webm-_3	67
7TOplay-webm-_3	63
7TOplay-webm-_3	67
7TOplay-webm-_3	67
7TOplay-webm-_3	67
7TOplay-webm-_3	0
7TOplay-webm-_3	0
7TOplay-webm-_3	67
7TOplay-webm-_3	67
7TOplay-webm-_3	67
7TOplay-webm-_3	69
7TOplay-webm-_3	49
7TOplay-webm-_3	42
7TOplay-webm-_3	35
7TOplay-webm-_3	35
7TOplay-webm-_3	8
7TOplay-webm-_3	67
7TOplay-webm-_3	44
7TOplay-webm-_3	56
7TOplay-webm-_3	69
7TOplay-webm-_3	69
7TOplay-webm-_3	70
7TOplay-webm-_3	72
7TOplay-webm-_3	69
7TOplay-webm-_3	69
7TOplay-webm-_3	70
7TOplay-webm-_3	70
7TOplay-webm-_3	67
7TOplay-webm-_3	72
7TOplay-webm-_3	72
7TOplay-webm-_3	74
7TOplay-webm-_3	72
7TOplay-webm-_3	67
7TOplay-webm-_3	69
7TOplay-webm-_3	69
7TOplay-webm-_3	17
7TOplay-mp4-_3	101
7TOplay-webm-_3	70
7TOplay-mp4-_4	189
7TOplay-webm-_4	134
9TOplay-mp4-_3	189
9TOplay-webm-_3	61
9TOplay-mp4-_4	258
9TOplay-webm-_4	117
9TOplay-mp4-_3	183
9TOplay-webm-_3	60
9TOplay-mp4-_4	258
9TOplay-webm-_4	113
9TOplay-mp4-_5	357
9TOplay-webm-_3	60
9TOplay-mp4-_6	579
9TOplay-mp4-_3	9
9TOplay-webm-_3	2
9TOplay-mp4-_4	1
9TOplay-webm-_4	1
9TOplay-mp4-_5	1
9TOplay-webm-_5	13
9TOplay-webm-_5	12
9TOplay-mp4-_5	353
9TOplay-webm-_5	199
9TOplay-webm-_5	201
9TOplay-mp4-_3	196
9TOplay-webm-_3	65
9TOplay-mp4-_4	259
9TOplay-webm-_4	113
9TOplay-mp4-_5	352
9TOplay-webm-_5	190
9TOplay-mp4-_6	568
9TOplay-webm-_6	340
9TOplay-mp4-_7	1094
9TOplay-webm-_7	762
9TOplay-mp4-_8	2445
9TOplay-webm-_8	1454
9TOplay-mp4-_3	211
9TOplay-webm-_3	61
9TOplay-mp4-_4	260
9TOplay-webm-_4	116
9TOplay-mp4-_5	343
9TOplay-webm-_5	193
9TOplay-mp4-_6	554
9TOplay-webm-_6	347
9TOplay-mp4-_7	987
9TOplay-webm-_7	30
9TOplay-mp4-_8	2353
9TOplay-webm-_8	1427
9TOplay-mp4-_3	232
9TOplay-webm-_3	60
9TOplay-flv-_4	195
9TOplay-flv-_4	194
9TOplay-flv-_4	147
9TOplay-flv-_4	174
9TOplay-flv-_4	188
9TOplay-flv-_4	94
9TOplay-flv-_5	199
9TOplay-flv-_5	150
9TOplay-flv-_5	218
9TOplay-flv-_1	154
5TOplay-flv-_1	13
5TOplay-flv-_2	15
5TOplay-flv-_3	21
5TOplay-flv-_4	28
5TOplay-wmv-_1	11
5TOplay-wmv-_2	13
5TOplay-wmv-_3	18
5TOplay-wmv-_4	23
5TOplay-flv-_1	16
5TOplay-flv-_2	15
5TOplay-flv-_3	21
5TOplay-flv-_4	28
5TOplay-wmv-_1	10
5TOplay-wmv-_2	13
5TOplay-wmv-_3	17
5TOplay-wmv-_4	25
5TOplay-mp4-_3	64
5TOplay-mp4-_4	108
5TOplay-webm-_3	61
5TOplay-webm-_4	120
5TOplay-3gp-_9	15
5TOplay-3gp-_10	23
7TOplay-mp4-_4	33
8TOplay-mp4-_4	198
8TOplay-mp4-_4	233
6TOplay-mp4-_3	79
6TOplay-mp4-_3	30
6TOplay-mp4-_3	67
6TOplay-mp4-_3	27
6TOplay-mp4-_3	108
7TOplay-flv-_1	39
7TOplay-flv-_2	44
7TOplay-flv-_3	52
7TOplay-flv-_4	63
7TOplay-flv-_5	71
7TOplay-wmv-_1	37
7TOplay-wmv-_2	42
7TOplay-wmv-_3	49
7TOplay-wmv-_4	59
7TOplay-wmv-_5	69
7TOplay-mp4-_3	101
7TOplay-mp4-_4	157
7TOplay-mp4-_5	247
7TOplay-mp4-_6	403
7TOplay-webm-_3	60
7TOplay-webm-_4	116
7TOplay-webm-_5	195
7TOplay-webm-_6	355
7TOplay-3gp-_9	41
7TOplay-3gp-_10	52
5TOplay-flv-_1	13
5TOplay-flv-_2	13
5TOplay-flv-_3	18
5TOplay-flv-_4	26
5TOplay-wmv-_1	9
5TOplay-wmv-_2	12
5TOplay-wmv-_3	14
5TOplay-wmv-_4	21
5TOplay-mp4-_3	61
5TOplay-mp4-_4	99
5TOplay-webm-_3	48
5TOplay-webm-_4	90
5TOplay-3gp-_9	13
5TOplay-3gp-_10	21
6TOplay-flv-_1	16
6TOplay-flv-_2	20
6TOplay-flv-_3	25
6TOplay-flv-_4	30
6TOplay-flv-_5	29
6TOplay-wmv-_1	14
6TOplay-wmv-_2	17
6TOplay-wmv-_3	21
6TOplay-wmv-_4	27
6TOplay-wmv-_5	29
6TOplay-mp4-_3	65
6TOplay-mp4-_4	117
6TOplay-mp4-_5	170
6TOplay-webm-_3	48
6TOplay-webm-_4	89
6TOplay-webm-_5	152
6TOplay-3gp-_10	28
6TOplay-mp4-_4	123
5TOplay-flv-_1	11
5TOplay-flv-_2	14
5TOplay-flv-_3	19
5TOplay-flv-_4	25
5TOplay-wmv-_1	9
5TOplay-wmv-_2	11
5TOplay-wmv-_3	15
5TOplay-wmv-_4	21
5TOplay-mp4-_3	61
5TOplay-mp4-_4	99
5TOplay-webm-_3	48
5TOplay-webm-_4	91
5TOplay-3gp-_9	14
5TOplay-3gp-_10	22
6TOplay-mp4-_4	122
6TOplay-webm-_4	88
5TOplay-flv-_1	11
5TOplay-flv-_2	13
5TOplay-flv-_3	19
5TOplay-flv-_4	25
5TOplay-wmv-_1	9
5TOplay-wmv-_2	12
5TOplay-wmv-_3	15
5TOplay-wmv-_4	21
5TOplay-mp4-_3	61
5TOplay-mp4-_4	100
5TOplay-webm-_3	57
6TOplay-mp4-_4	137
5TOplay-webm-_4	98
5TOplay-3gp-_9	14
5TOplay-3gp-_10	25
6TOplay-webm-_4	96
6TOplay-mp4-_4	124
6TOplay-webm-_4	91
6TOplay-mp4-_4	123
6TOplay-webm-_4	90
5TOplay-mp4-_4	115
8TOplay-flv-_2	0
8TOplay-flv-_3	0
5TOplay-flv-_1	11
5TOplay-flv-_2	13
5TOplay-flv-_3	19
5TOplay-flv-_4	25
5TOplay-wmv-_1	9
5TOplay-wmv-_2	12
5TOplay-wmv-_3	15
5TOplay-wmv-_4	21
5TOplay-mp4-_3	61
5TOplay-mp4-_4	99
5TOplay-webm-_3	48
5TOplay-webm-_4	91
5TOplay-3gp-_9	13
5TOplay-3gp-_10	23
5TOplay-flv-_1	10
5TOplay-flv-_2	14
5TOplay-flv-_3	18
5TOplay-flv-_4	25
5TOplay-wmv-_1	9
5TOplay-wmv-_2	12
5TOplay-wmv-_3	14
5TOplay-wmv-_4	22
5TOplay-mp4-_3	59
5TOplay-mp4-_4	99
5TOplay-webm-_3	47
5TOplay-webm-_4	88
5TOplay-3gp-_9	13
5TOplay-3gp-_10	21
5TOplay-flv-_1	11
5TOplay-flv-_2	13
5TOplay-flv-_3	19
5TOplay-flv-_4	26
5TOplay-wmv-_1	9
5TOplay-wmv-_2	12
5TOplay-wmv-_3	15
5TOplay-wmv-_4	21
5TOplay-mp4-_3	59
5TOplay-mp4-_4	99
5TOplay-webm-_3	47
5TOplay-webm-_4	90
5TOplay-3gp-_9	13
5TOplay-3gp-_10	22
5TOplay-flv-_1	10
5TOplay-flv-_2	14
5TOplay-flv-_3	19
5TOplay-flv-_4	25
5TOplay-wmv-_1	9
5TOplay-wmv-_2	11
5TOplay-wmv-_3	15
5TOplay-wmv-_4	21
5TOplay-mp4-_3	63
5TOplay-mp4-_4	114
5TOplay-webm-_3	59
5TOplay-webm-_4	104
5TOplay-3gp-_9	14
5TOplay-3gp-_10	26
5TOplay-flv-_1	13
5TOplay-flv-_2	15
5TOplay-flv-_3	21
5TOplay-flv-_4	29
5TOplay-wmv-_1	11
5TOplay-wmv-_2	15
5TOplay-wmv-_3	20
5TOplay-wmv-_4	25
5TOplay-mp4-_3	71
5TOplay-mp4-_4	114
5TOplay-webm-_3	56
5TOplay-webm-_4	101
5TOplay-3gp-_9	15
5TOplay-3gp-_10	26
9TOplay-flv-_4	161
9TOplay-flv-_2	0
9TOplay-flv-_1	141
9TOplay-flv-_2	160
9TOplay-flv-_3	166
9TOplay-flv-_4	178
9TOplay-flv-_5	200
9TOplay-flv-_1	145
9TOplay-flv-_1	140
9TOplay-flv-_2	138
9TOplay-flv-_3	149
9TOplay-flv-_4	155
9TOplay-flv-_5	174
9TOplay-wmv-_1	143
9TOplay-wmv-_2	149
9TOplay-wmv-_3	154
9TOplay-wmv-_4	160
9TOplay-wmv-_5	172
9TOplay-mp4-_3	1
9TOplay-mp4-_4	1
9TOplay-mp4-_5	1
9TOplay-mp4-_6	2
9TOplay-mp4-_7	4
9TOplay-mp4-_8	24
9TOplay-webm-_3	12
9TOplay-webm-_4	117
9TOplay-webm-_5	195
9TOplay-webm-_6	349
9TOplay-webm-_7	708
9TOplay-webm-_8	717
9TOplay-mp4-_3	82
9TOplay-mp4-_3	0
9TOplay-mp4-_3	0
9TOplay-mp4-_3	174
9TOplay-mp4-_3	196
9TOplay-mp4-_4	240
9TOplay-mp4-_5	280
9TOplay-mp4-_6	2
9TOplay-mp4-_7	5
9TOplay-mp4-_8	24
9TOplay-mp4-_6	2
9TOplay-mp4-_6	1
9TOplay-mp4-_6	1
9TOplay-mp4-_6	375
9TOplay-mp4-_7	694
9TOplay-mp4-_8	1423
9TOplay-3gp-_10	148
9TOplay-3gp-_10	147
9TOplay-3gp-_9	144
9TOplay-flv-_1	139
9TOplay-flv-_2	139
9TOplay-flv-_3	148
9TOplay-flv-_4	155
9TOplay-flv-_5	173
9TOplay-wmv-_1	144
9TOplay-wmv-_2	18
9TOplay-wmv-_3	0
9TOplay-flv-_1	143
9TOplay-flv-_2	143
9TOplay-flv-_1	140
9TOplay-flv-_2	143
9TOplay-flv-_3	172
9TOplay-flv-_4	183
9TOplay-flv-_5	184
9TOplay-wmv-_1	144
9TOplay-wmv-_2	140
9TOplay-wmv-_3	151
9TOplay-wmv-_4	157
9TOplay-wmv-_5	179
9TOplay-mp4-_3	177
9TOplay-mp4-_4	214
9TOplay-mp4-_5	260
9TOplay-mp4-_6	389
9TOplay-mp4-_7	652
9TOplay-mp4-_8	1424
9TOplay-webm-_3	63
9TOplay-webm-_4	121
9TOplay-webm-_5	196
9TOplay-webm-_6	361
9TOplay-webm-_7	731
9TOplay-webm-_8	1685
9TOplay-3gp-_9	146
9TOplay-3gp-_10	151
7TOplay-mp4-_4	121
6TOplay-mp4-_4	112
9TOplay-mp4-_4	220
5TOplay-mp4-_4	112
7TOplay-mp4-_4	126
9TOplay-mp4-_4	216
9TOplay-mp4-_4	216
6TOplay-mp4-_4	112
9TOplay-mp4-_4	282
9TOplay-mp4-_4	277
9TOplay-flv-_4	221
9TOplay-flv-_4	254
9TOplay-wmv-_4	364
9TOplay-mp4-_4	298
