9TOplay-flv-_1	225
9TOplay-wmv-_1	483
9TOplay-mp4-_3	237
9TOplay-webm-_3	61
9TOplay-3gp-_9	206
9TOplay-3gp-_10	208
9TOplay-avi-	720
9TOplay-avi-	173
9TOplay-avi-	167
9TOplay-avi-	765
5TOplay-flv-_1	13
5TOplay-flv-_2	15
5TOplay-flv-_3	22
5TOplay-flv-_4	27
5TOplay-wmv-_1	19
5TOplay-wmv-_2	20
5TOplay-wmv-_3	25
5TOplay-wmv-_4	30
5TOplay-mp4-_3	43
5TOplay-mp4-_4	71
5TOplay-webm-_3	61
5TOplay-webm-_4	118
5TOplay-3gp-_9	13
5TOplay-3gp-_10	19
5TOplay-flv-_1	13
5TOplay-flv-_2	15
5TOplay-flv-_3	22
5TOplay-flv-_4	27
5TOplay-wmv-_1	19
5TOplay-wmv-_2	21
5TOplay-wmv-_3	25
5TOplay-wmv-_4	31
5TOplay-mp4-_3	44
5TOplay-mp4-_4	72
5TOplay-webm-_3	62
5TOplay-webm-_4	118
5TOplay-3gp-_9	14
5TOplay-3gp-_10	19
5TOplay-flv-_1	13
5TOplay-flv-_2	15
5TOplay-flv-_3	21
5TOplay-flv-_4	27
5TOplay-wmv-_1	19
5TOplay-wmv-_2	20
5TOplay-wmv-_3	25
5TOplay-wmv-_4	31
5TOplay-mp4-_3	43
5TOplay-mp4-_4	71
5TOplay-webm-_3	61
5TOplay-webm-_4	118
5TOplay-3gp-_9	13
5TOplay-3gp-_10	18
5TOplay-flv-_1	13
5TOplay-flv-_2	15
5TOplay-flv-_3	22
5TOplay-flv-_4	27
5TOplay-wmv-_1	19
5TOplay-wmv-_2	20
5TOplay-wmv-_3	25
5TOplay-wmv-_4	30
5TOplay-mp4-_3	43
5TOplay-mp4-_4	72
5TOplay-webm-_3	61
5TOplay-webm-_4	117
5TOplay-3gp-_9	13
5TOplay-3gp-_10	19
9TOplay-mp4-_4	31
9TOplay-flv-_2	19
9TOplay-flv-_2	19
9TOplay-flv-_2	20
9TOplay-flv-_2	19
5TOplay-flv-_1	13
5TOplay-flv-_2	16
5TOplay-flv-_3	24
5TOplay-flv-_4	29
5TOplay-wmv-_1	20
5TOplay-wmv-_2	21
5TOplay-wmv-_3	26
5TOplay-wmv-_4	31
5TOplay-mp4-_3	43
5TOplay-mp4-_4	73
5TOplay-flv-_1	13
5TOplay-flv-_2	15
5TOplay-flv-_3	21
5TOplay-flv-_4	27
5TOplay-wmv-_1	19
5TOplay-wmv-_2	21
5TOplay-wmv-_3	26
5TOplay-flv-_1	12
5TOplay-flv-_2	15
5TOplay-flv-_3	22
5TOplay-flv-_4	28
5TOplay-wmv-_1	19
5TOplay-wmv-_2	24
5TOplay-wmv-_3	25
5TOplay-wmv-_4	31
5TOplay-mp4-_3	43
5TOplay-mp4-_4	74
5TOplay-webm-_3	62
5TOplay-webm-_4	120
5TOplay-3gp-_9	14
5TOplay-3gp-_10	20
5TOplay-flv-_1	12
5TOplay-flv-_2	15
5TOplay-flv-_1	13
5TOplay-flv-_2	15
5TOplay-flv-_3	21
5TOplay-flv-_4	28
5TOplay-wmv-_1	20
5TOplay-wmv-_2	21
5TOplay-wmv-_3	25
5TOplay-wmv-_4	32
5TOplay-flv-_1	13
5TOplay-flv-_2	15
5TOplay-flv-_3	23
5TOplay-flv-_3	23
5TOplay-flv-_1	12
5TOplay-wmv-_1	20
5TOplay-mp4-_3	44
5TOplay-webm-_3	62
5TOplay-3gp-_9	13
5TOplay-3gp-_10	21
5TOplay-flv-_1	12
5TOplay-flv-_2	15
5TOplay-flv-_3	26
5TOplay-flv-_4	35
5TOplay-wmv-_1	26
5TOplay-wmv-_2	30
8TOplay-flv-_1	140
5TOplay-wmv-_3	32
5TOplay-wmv-_4	37
5TOplay-mp4-_3	53
8TOplay-flv-_2	145
5TOplay-mp4-_4	86
5TOplay-webm-_3	70
8TOplay-flv-_3	153
5TOplay-webm-_4	130
8TOplay-flv-_4	155
5TOplay-3gp-_9	16
5TOplay-3gp-_10	22
8TOplay-flv-_5	153
8TOplay-wmv-_1	202
8TOplay-wmv-_2	222
8TOplay-wmv-_3	225
8TOplay-wmv-_4	226
8TOplay-wmv-_5	237
8TOplay-mp4-_3	163
8TOplay-mp4-_4	203
8TOplay-mp4-_5	246
8TOplay-mp4-_6	380
8TOplay-mp4-_7	653
8TOplay-webm-_3	65
8TOplay-webm-_4	121
8TOplay-webm-_5	210
6TOplay-flv-_1	41
6TOplay-flv-_2	41
6TOplay-flv-_3	46
6TOplay-flv-_4	53
6TOplay-flv-_5	69
6TOplay-wmv-_1	59
6TOplay-wmv-_2	64
6TOplay-wmv-_3	78
8TOplay-webm-_6	417
6TOplay-wmv-_4	79
6TOplay-wmv-_5	111
6TOplay-mp4-_3	94
6TOplay-mp4-_4	144
6TOplay-mp4-_5	222
6TOplay-webm-_3	89
6TOplay-webm-_4	157
6TOplay-webm-_5	241
6TOplay-3gp-_9	42
6TOplay-3gp-_10	50
8TOplay-webm-_7	905
8TOplay-3gp-_9	129
8TOplay-3gp-_10	131
5TOplay-flv-_1	13
5TOplay-flv-_2	15
5TOplay-flv-_3	23
5TOplay-flv-_4	27
5TOplay-wmv-_1	19
5TOplay-wmv-_2	21
5TOplay-wmv-_3	26
5TOplay-wmv-_4	31
5TOplay-mp4-_3	43
5TOplay-mp4-_4	67
5TOplay-webm-_3	62
5TOplay-webm-_4	116
5TOplay-3gp-_9	13
5TOplay-3gp-_10	19
5TOplay-flv-_1	13
5TOplay-flv-_2	15
5TOplay-flv-_3	22
5TOplay-flv-_4	28
5TOplay-wmv-_1	20
5TOplay-wmv-_2	22
5TOplay-wmv-_3	26
5TOplay-wmv-_4	31
5TOplay-mp4-_3	44
5TOplay-mp4-_4	68
5TOplay-webm-_3	63
5TOplay-webm-_4	118
5TOplay-3gp-_9	13
5TOplay-3gp-_10	19
5TOplay-flv-_1	12
5TOplay-flv-_2	15
5TOplay-flv-_3	21
5TOplay-flv-_4	27
5TOplay-wmv-_1	19
5TOplay-wmv-_2	21
5TOplay-wmv-_3	26
5TOplay-wmv-_4	31
5TOplay-mp4-_3	43
5TOplay-mp4-_4	69
5TOplay-webm-_3	68
5TOplay-webm-_4	132
5TOplay-3gp-_9	15
5TOplay-3gp-_10	22
5TOplay-flv-_1	14
5TOplay-flv-_2	17
5TOplay-flv-_3	25
5TOplay-flv-_4	30
5TOplay-wmv-_1	25
5TOplay-wmv-_2	27
5TOplay-wmv-_3	31
5TOplay-wmv-_4	37
5TOplay-mp4-_3	50
5TOplay-mp4-_4	75
5TOplay-webm-_3	62
5TOplay-webm-_4	116
5TOplay-3gp-_9	14
5TOplay-3gp-_10	20
5TOplay-flv-_1	13
5TOplay-flv-_2	15
5TOplay-flv-_3	22
5TOplay-flv-_4	27
5TOplay-wmv-_1	20
5TOplay-wmv-_2	22
5TOplay-wmv-_3	25
5TOplay-wmv-_4	31
5TOplay-mp4-_3	43
5TOplay-mp4-_4	67
5TOplay-webm-_3	62
5TOplay-webm-_4	117
5TOplay-3gp-_9	13
5TOplay-3gp-_10	19
5TOplay-flv-_1	12
5TOplay-flv-_2	15
5TOplay-flv-_3	21
5TOplay-flv-_4	28
5TOplay-wmv-_1	19
5TOplay-wmv-_2	21
5TOplay-wmv-_3	26
5TOplay-wmv-_4	31
5TOplay-mp4-_3	44
5TOplay-mp4-_4	67
5TOplay-webm-_3	62
5TOplay-webm-_4	116
5TOplay-3gp-_9	13
5TOplay-3gp-_10	19
5TOplay-flv-_1	13
5TOplay-flv-_1	12
5TOplay-flv-_2	14
5TOplay-flv-_3	21
5TOplay-flv-_4	27
5TOplay-flv-_1	12
5TOplay-flv-_2	15
5TOplay-flv-_3	21
5TOplay-flv-_4	29
5TOplay-flv-_1	12
5TOplay-flv-_2	15
5TOplay-flv-_3	22
5TOplay-flv-_4	27
5TOplay-flv-_1	12
5TOplay-flv-_2	15
5TOplay-flv-_3	21
5TOplay-flv-_4	28
5TOplay-flv-_1	12
5TOplay-flv-_2	14
5TOplay-flv-_3	21
5TOplay-flv-_4	27
5TOplay-flv-_1	13
5TOplay-flv-_2	15
5TOplay-flv-_3	23
5TOplay-flv-_4	28
5TOplay-flv-_1	13
5TOplay-flv-_2	15
5TOplay-flv-_3	22
5TOplay-flv-_4	28
5TOplay-flv-_1	12
5TOplay-flv-_2	15
5TOplay-flv-_3	22
5TOplay-flv-_4	29
6TOplay-mp4-_3	65
6TOplay-flv-_1	29
6TOplay-flv-_2	31
6TOplay-flv-_3	39
6TOplay-flv-_4	43
6TOplay-flv-_5	60
